<?xml version="1.0" encoding="UTF-8"?>
<!-- Generated by org.testng.reporters.JUnitReportReporter -->
<testsuite hostname="TRNROOM10-29" name="com.qa.amazon.tests.VerifyKindleTest" tests="2" failures="0" timestamp="23 Sep 2019 14:51:02 GMT" time="22.736" errors="0">
  <testcase name="shopByCategoryclickTest" time="6.620" classname="com.qa.amazon.tests.VerifyKindleTest"/>
  <testcase name="verifyKindleTest" time="16.116" classname="com.qa.amazon.tests.VerifyKindleTest"/>
</testsuite> <!-- com.qa.amazon.tests.VerifyKindleTest -->
